  Console text.cpp
  gamecore.cpp
C:\Users\zaqxs\source\repos\c pulsplus project\Console text\Console text.cpp(6,10): error C1083: 포함 파일을 열 수 없습니다. 'consoleaoi2.h': No such file or directory
C:\Users\zaqxs\source\repos\c pulsplus project\Console text\Parser.h(37,20): error C2059: 구문 오류: ')'
C:\Users\zaqxs\source\repos\c pulsplus project\Console text\gamecore.cpp(46,30): error C2039: 'posX': 'TextConsole::Position'의 멤버가 아닙니다.
C:\Users\zaqxs\source\repos\c pulsplus project\Console text\gamecore.cpp(46,61): error C2039: 'posX': 'TextConsole::Position'의 멤버가 아닙니다.
C:\Users\zaqxs\source\repos\c pulsplus project\Console text\gamecore.cpp(47,30): error C2039: 'posY': 'TextConsole::Position'의 멤버가 아닙니다.
C:\Users\zaqxs\source\repos\c pulsplus project\Console text\gamecore.cpp(47,61): error C2039: 'posY': 'TextConsole::Position'의 멤버가 아닙니다.
  parser.cpp
C:\Users\zaqxs\source\repos\c pulsplus project\Console text\gamecore.cpp(59,24): error C2440: '<function-style-cast>': 'initializer list'에서 'TextConsole::MapData'(으)로 변환할 수 없습니다.
C:\Users\zaqxs\source\repos\c pulsplus project\Console text\gamecore.cpp(60,19): error C2039: 'posX': 'TextConsole::Position'의 멤버가 아닙니다.
C:\Users\zaqxs\source\repos\c pulsplus project\Console text\gamecore.cpp(61,19): error C2039: 'posY': 'TextConsole::Position'의 멤버가 아닙니다.
C:\Users\zaqxs\source\repos\c pulsplus project\Console text\gamecore.cpp(67,14): error C2039: 'Mapdatas': 'TextConsole::WorldState'의 멤버가 아닙니다.
C:\Users\zaqxs\source\repos\c pulsplus project\Console text\gamecore.cpp(70,8): error C2601: 'InitializeGame': 지역 함수 정의가 잘못되었습니다.
C:\Users\zaqxs\source\repos\c pulsplus project\Console text\gamecore.cpp(246,8): error C2601: 'GetInput': 지역 함수 정의가 잘못되었습니다.
C:\Users\zaqxs\source\repos\c pulsplus project\Console text\gamecore.cpp(310,8): error C2601: 'RenderGame': 지역 함수 정의가 잘못되었습니다.
C:\Users\zaqxs\source\repos\c pulsplus project\Console text\gamecore.cpp(388,8): error C2601: 'UpdateGame': 지역 함수 정의가 잘못되었습니다.
C:\Users\zaqxs\source\repos\c pulsplus project\Console text\gamecore.cpp(513,8): error C2601: 'CleanupGame': 지역 함수 정의가 잘못되었습니다.
C:\Users\zaqxs\source\repos\c pulsplus project\Console text\gamecore.cpp(517,8): error C2601: 'TryToUnlockDoors': 지역 함수 정의가 잘못되었습니다.
C:\Users\zaqxs\source\repos\c pulsplus project\Console text\gamecore.cpp(547,7): error C2601: 'PositionToIndex': 지역 함수 정의가 잘못되었습니다.
C:\Users\zaqxs\source\repos\c pulsplus project\Console text\gamecore.cpp(552,8): error C2601: 'IsSpaceOutsideMap': 지역 함수 정의가 잘못되었습니다.
C:\Users\zaqxs\source\repos\c pulsplus project\Console text\gamecore.cpp(560,8): error C2601: 'IsSpaceOpenForMovement': 지역 함수 정의가 잘못되었습니다.
C:\Users\zaqxs\source\repos\c pulsplus project\Console text\gamecore.cpp(585,8): error C2601: 'GetItemIcon': 지역 함수 정의가 잘못되었습니다.
C:\Users\zaqxs\source\repos\c pulsplus project\Console text\gamecore.cpp(606,15): error C2601: 'GetItemName': 지역 함수 정의가 잘못되었습니다.
C:\Users\zaqxs\source\repos\c pulsplus project\Console text\gamecore.cpp(42,1): error C1075: '{': 일치하는 토큰을 찾을 수 없습니다.
C:\Users\zaqxs\source\repos\c pulsplus project\Console text\parser.cpp(1,10): error C1083: 포함 파일을 열 수 없습니다. 'pser.h': No such file or directory
  코드를 생성하고 있습니다...
