  lecture10.cpp
  lecture11.cpp
C:\Users\zaqxs\source\repos\c pulsplus project\c pulsplus project\lecture11.cpp(129,13): warning C4244: '초기화 중': 'double'에서 'int'(으)로 변환하면서 데이터가 손실될 수 있습니다.
  lecture12.cpp
C:\Users\zaqxs\source\repos\c pulsplus project\c pulsplus project\lecture12.cpp(146,68): warning C4305: '인수': 'double'에서 'T'(으)로 잘립니다.
C:\Users\zaqxs\source\repos\c pulsplus project\c pulsplus project\lecture12.cpp(146,68): warning C4305:         with
C:\Users\zaqxs\source\repos\c pulsplus project\c pulsplus project\lecture12.cpp(146,68): warning C4305:         [
C:\Users\zaqxs\source\repos\c pulsplus project\c pulsplus project\lecture12.cpp(146,68): warning C4305:             T=float
C:\Users\zaqxs\source\repos\c pulsplus project\c pulsplus project\lecture12.cpp(146,68): warning C4305:         ]
C:\Users\zaqxs\source\repos\c pulsplus project\c pulsplus project\lecture12.cpp(146,63): warning C4305: '인수': 'double'에서 'T'(으)로 잘립니다.
C:\Users\zaqxs\source\repos\c pulsplus project\c pulsplus project\lecture12.cpp(146,63): warning C4305:         with
C:\Users\zaqxs\source\repos\c pulsplus project\c pulsplus project\lecture12.cpp(146,63): warning C4305:         [
C:\Users\zaqxs\source\repos\c pulsplus project\c pulsplus project\lecture12.cpp(146,63): warning C4305:             T=float
C:\Users\zaqxs\source\repos\c pulsplus project\c pulsplus project\lecture12.cpp(146,63): warning C4305:         ]
C:\Users\zaqxs\source\repos\c pulsplus project\c pulsplus project\lecture12.cpp(152,74): warning C4305: '인수': 'double'에서 'T'(으)로 잘립니다.
C:\Users\zaqxs\source\repos\c pulsplus project\c pulsplus project\lecture12.cpp(152,74): warning C4305:         with
C:\Users\zaqxs\source\repos\c pulsplus project\c pulsplus project\lecture12.cpp(152,74): warning C4305:         [
C:\Users\zaqxs\source\repos\c pulsplus project\c pulsplus project\lecture12.cpp(152,74): warning C4305:             T=float
C:\Users\zaqxs\source\repos\c pulsplus project\c pulsplus project\lecture12.cpp(152,74): warning C4305:         ]
C:\Users\zaqxs\source\repos\c pulsplus project\c pulsplus project\lecture12.cpp(152,69): warning C4305: '인수': 'double'에서 'T'(으)로 잘립니다.
C:\Users\zaqxs\source\repos\c pulsplus project\c pulsplus project\lecture12.cpp(152,69): warning C4305:         with
C:\Users\zaqxs\source\repos\c pulsplus project\c pulsplus project\lecture12.cpp(152,69): warning C4305:         [
C:\Users\zaqxs\source\repos\c pulsplus project\c pulsplus project\lecture12.cpp(152,69): warning C4305:             T=float
C:\Users\zaqxs\source\repos\c pulsplus project\c pulsplus project\lecture12.cpp(152,69): warning C4305:         ]
  lecture13.cpp
C:\Users\zaqxs\source\repos\c pulsplus project\c pulsplus project\lecture13.cpp(183,23): warning C4305: '인수': 'double'에서 'T'(으)로 잘립니다.
C:\Users\zaqxs\source\repos\c pulsplus project\c pulsplus project\lecture13.cpp(183,23): warning C4305:         with
C:\Users\zaqxs\source\repos\c pulsplus project\c pulsplus project\lecture13.cpp(183,23): warning C4305:         [
C:\Users\zaqxs\source\repos\c pulsplus project\c pulsplus project\lecture13.cpp(183,23): warning C4305:             T=float
C:\Users\zaqxs\source\repos\c pulsplus project\c pulsplus project\lecture13.cpp(183,23): warning C4305:         ]
C:\Users\zaqxs\source\repos\c pulsplus project\c pulsplus project\lecture13.cpp(183,18): warning C4305: '인수': 'double'에서 'T'(으)로 잘립니다.
C:\Users\zaqxs\source\repos\c pulsplus project\c pulsplus project\lecture13.cpp(183,18): warning C4305:         with
C:\Users\zaqxs\source\repos\c pulsplus project\c pulsplus project\lecture13.cpp(183,18): warning C4305:         [
C:\Users\zaqxs\source\repos\c pulsplus project\c pulsplus project\lecture13.cpp(183,18): warning C4305:             T=float
C:\Users\zaqxs\source\repos\c pulsplus project\c pulsplus project\lecture13.cpp(183,18): warning C4305:         ]
  lecture5.cpp
C:\Users\zaqxs\source\repos\c pulsplus project\c pulsplus project\lecture5.cpp(39,2): error C4430: 형식 지정자가 없습니다. int로 가정합니다. 참고: C++에서는 기본 int를 지원하지 않습니다.
C:\Users\zaqxs\source\repos\c pulsplus project\c pulsplus project\lecture5.cpp(39,2): warning C4183: 'Date': 반환 형식이 없습니다. 'int'를 반환하는 멤버 함수로 간주됩니다.
C:\Users\zaqxs\source\repos\c pulsplus project\c pulsplus project\lecture5.cpp(56,1): error C2653: 'Date': 클래스 또는 네임스페이스 이름이 아닙니다.
C:\Users\zaqxs\source\repos\c pulsplus project\c pulsplus project\lecture5.cpp(56,7): error C4430: 형식 지정자가 없습니다. int로 가정합니다. 참고: C++에서는 기본 int를 지원하지 않습니다.
C:\Users\zaqxs\source\repos\c pulsplus project\c pulsplus project\lecture5.cpp(58,2): error C2065: 'day': 선언되지 않은 식별자입니다.
C:\Users\zaqxs\source\repos\c pulsplus project\c pulsplus project\lecture5.cpp(59,2): error C2355: 'this': 비정적 멤버 함수 또는 비정적 데이터 멤버 이니셜라이저 안에서만 참조할 수 있습니다.
C:\Users\zaqxs\source\repos\c pulsplus project\c pulsplus project\lecture5.cpp(60,2): error C2355: 'this': 비정적 멤버 함수 또는 비정적 데이터 멤버 이니셜라이저 안에서만 참조할 수 있습니다.
C:\Users\zaqxs\source\repos\c pulsplus project\c pulsplus project\lecture5.cpp(61,1): warning C4508: 'Date': 함수는 값을 반환해야 하므로 'void' 반환 형식으로 간주됩니다.
C:\Users\zaqxs\source\repos\c pulsplus project\c pulsplus project\lecture5.cpp(65,6): error C2653: 'Date': 클래스 또는 네임스페이스 이름이 아닙니다.
C:\Users\zaqxs\source\repos\c pulsplus project\c pulsplus project\lecture5.cpp(74,2): error C2065: 'day': 선언되지 않은 식별자입니다.
C:\Users\zaqxs\source\repos\c pulsplus project\c pulsplus project\lecture5.cpp(79,6): error C2653: 'Date': 클래스 또는 네임스페이스 이름이 아닙니다.
C:\Users\zaqxs\source\repos\c pulsplus project\c pulsplus project\lecture5.cpp(81,2): error C2065: 'month': 선언되지 않은 식별자입니다.
C:\Users\zaqxs\source\repos\c pulsplus project\c pulsplus project\lecture5.cpp(84,6): error C2653: 'Date': 클래스 또는 네임스페이스 이름이 아닙니다.
C:\Users\zaqxs\source\repos\c pulsplus project\c pulsplus project\lecture5.cpp(86,2): error C2065: 'year': 선언되지 않은 식별자입니다.
C:\Users\zaqxs\source\repos\c pulsplus project\c pulsplus project\lecture5.cpp(89,6): error C2653: 'Date': 클래스 또는 네임스페이스 이름이 아닙니다.
C:\Users\zaqxs\source\repos\c pulsplus project\c pulsplus project\lecture5.cpp(91,2): error C2355: 'this': 비정적 멤버 함수 또는 비정적 데이터 멤버 이니셜라이저 안에서만 참조할 수 있습니다.
C:\Users\zaqxs\source\repos\c pulsplus project\c pulsplus project\lecture5.cpp(92,2): error C2355: 'this': 비정적 멤버 함수 또는 비정적 데이터 멤버 이니셜라이저 안에서만 참조할 수 있습니다.
C:\Users\zaqxs\source\repos\c pulsplus project\c pulsplus project\lecture5.cpp(93,2): error C2355: 'this': 비정적 멤버 함수 또는 비정적 데이터 멤버 이니셜라이저 안에서만 참조할 수 있습니다.
C:\Users\zaqxs\source\repos\c pulsplus project\c pulsplus project\lecture5.cpp(96,6): error C2653: 'Date': 클래스 또는 네임스페이스 이름이 아닙니다.
C:\Users\zaqxs\source\repos\c pulsplus project\c pulsplus project\lecture5.cpp(98,31): error C2065: 'year': 선언되지 않은 식별자입니다.
C:\Users\zaqxs\source\repos\c pulsplus project\c pulsplus project\lecture5.cpp(98,49): error C2065: 'month': 선언되지 않은 식별자입니다.
C:\Users\zaqxs\source\repos\c pulsplus project\c pulsplus project\lecture5.cpp(98,68): error C2065: 'day': 선언되지 않은 식별자입니다.
C:\Users\zaqxs\source\repos\c pulsplus project\c pulsplus project\lecture5.cpp(242,7): error C2146: 구문 오류: ';'이(가) 'date1' 식별자 앞에 없습니다.
C:\Users\zaqxs\source\repos\c pulsplus project\c pulsplus project\lecture5.cpp(242,2): warning C4551: 함수 호출에 인수 목록이 없습니다.
C:\Users\zaqxs\source\repos\c pulsplus project\c pulsplus project\lecture5.cpp(242,7): error C2065: 'date1': 선언되지 않은 식별자입니다.
C:\Users\zaqxs\source\repos\c pulsplus project\c pulsplus project\lecture5.cpp(243,2): error C2065: 'date1': 선언되지 않은 식별자입니다.
C:\Users\zaqxs\source\repos\c pulsplus project\c pulsplus project\lecture5.cpp(244,7): error C2146: 구문 오류: ';'이(가) 'date2' 식별자 앞에 없습니다.
C:\Users\zaqxs\source\repos\c pulsplus project\c pulsplus project\lecture5.cpp(244,2): warning C4551: 함수 호출에 인수 목록이 없습니다.
C:\Users\zaqxs\source\repos\c pulsplus project\c pulsplus project\lecture5.cpp(244,7): error C2065: 'date2': 선언되지 않은 식별자입니다.
C:\Users\zaqxs\source\repos\c pulsplus project\c pulsplus project\lecture5.cpp(246,2): error C2065: 'date2': 선언되지 않은 식별자입니다.
C:\Users\zaqxs\source\repos\c pulsplus project\c pulsplus project\lecture5.cpp(247,2): error C2065: 'date2': 선언되지 않은 식별자입니다.
C:\Users\zaqxs\source\repos\c pulsplus project\c pulsplus project\lecture5.cpp(248,7): error C2146: 구문 오류: ';'이(가) 'date3' 식별자 앞에 없습니다.
C:\Users\zaqxs\source\repos\c pulsplus project\c pulsplus project\lecture5.cpp(248,2): warning C4551: 함수 호출에 인수 목록이 없습니다.
C:\Users\zaqxs\source\repos\c pulsplus project\c pulsplus project\lecture5.cpp(248,7): error C2065: 'date3': 선언되지 않은 식별자입니다.
C:\Users\zaqxs\source\repos\c pulsplus project\c pulsplus project\lecture5.cpp(249,2): error C2065: 'date3': 선언되지 않은 식별자입니다.
C:\Users\zaqxs\source\repos\c pulsplus project\c pulsplus project\lecture5.cpp(250,2): error C2065: 'date3': 선언되지 않은 식별자입니다.
C:\Users\zaqxs\source\repos\c pulsplus project\c pulsplus project\lecture5.cpp(251,2): error C2065: 'date3': 선언되지 않은 식별자입니다.
C:\Users\zaqxs\source\repos\c pulsplus project\c pulsplus project\lecture5.cpp(252,2): error C2065: 'date3': 선언되지 않은 식별자입니다.
  lecture9.cpp
  lectures.cpp
C:\Users\zaqxs\source\repos\c pulsplus project\c pulsplus project\lectures.cpp(62,17): error C2871: 'TODAYISTHRUESDAY': 같은 이름을 가진 네임스페이스가 없습니다.
C:\Users\zaqxs\source\repos\c pulsplus project\c pulsplus project\lectures.cpp(62,17): error C2065: 'TODAYISTHRUESDAY': 선언되지 않은 식별자입니다.
C:\Users\zaqxs\source\repos\c pulsplus project\c pulsplus project\lectures.cpp(118,27): error C2065: 'age': 선언되지 않은 식별자입니다.
C:\Users\zaqxs\source\repos\c pulsplus project\c pulsplus project\lectures.cpp(140,7): error C2039: 'PrintMyName': 'YDY'의 멤버가 아닙니다.
C:\Users\zaqxs\source\repos\c pulsplus project\c pulsplus project\lectures.cpp(140,7): error C3861: 'PrintMyName': 식별자를 찾을 수 없습니다.
C:\Users\zaqxs\source\repos\c pulsplus project\c pulsplus project\lectures.cpp(172,15): error C2065: 'UserInput': 선언되지 않은 식별자입니다.
C:\Users\zaqxs\source\repos\c pulsplus project\c pulsplus project\lectures.cpp(173,7): error C2065: 'LuckyNumber': 선언되지 않은 식별자입니다.
C:\Users\zaqxs\source\repos\c pulsplus project\c pulsplus project\lectures.cpp(173,22): error C2065: 'UserInput': 선언되지 않은 식별자입니다.
C:\Users\zaqxs\source\repos\c pulsplus project\c pulsplus project\lectures.cpp(178,12): error C2065: 'LuckyNumber': 선언되지 않은 식별자입니다.
C:\Users\zaqxs\source\repos\c pulsplus project\c pulsplus project\lectures.cpp(178,27): error C2065: 'UserInput': 선언되지 않은 식별자입니다.
  코드를 생성하고 있습니다...
